<?xml version="1.0" encoding="UTF-8"?>
<!-- Generated by org.testng.reporters.JUnitReportReporter -->
<testsuite hostname="Nilesh-Rajendra-Behares-MacBook-Pro.local" failures="0" tests="3" name="expense_tracker_test.SignUp_Test" time="6.261" errors="1" timestamp="2022-09-28T16:42:31 IST" skipped="2">
  <testcase classname="expense_tracker_test.SignUp_Test" name="setUp" time="6.261">
    <error message="Could not start a new session. Response code 500. Message: An unknown server-side error occurred while processing the command. Original error: Unable to find an active device or emulator with OS 11. The following are available: emulator-5554 (12)
Build info: version: &#039;4.4.0&#039;, revision: &#039;e5c75ed026a&#039;
System info: host: &#039;Nilesh-Rajendra-Behares-MacBook-Pro.local&#039;, ip: &#039;192.168.1.121&#039;, os.name: &#039;Mac OS X&#039;, os.arch: &#039;x86_64&#039;, os.version: &#039;12.4&#039;, java.version: &#039;17.0.3&#039;
Driver info: io.appium.java_client.android.AndroidDriver
Command: [null, newSession {capabilities=[{appium:UDID=, appium:app=/Users/nileshrajendrabehare/Downloads/expense-tracker.apk, appium:appActivity=com.et.MainActivity, appium:appPackage=com.et, appium:autoGrantPermissions=true, appium:automationName=UiAutomator2, appium:deviceName=emulator-5554, appium:newCommandTimeout=1200, platformName=ANDROID, appium:platformVersion=11, appium:resetKeyboard=true, appium:unicodeKeyboard=true}], desiredCapabilities=Capabilities {UDID: , app: /Users/nileshrajendrabehare..., appActivity: com.et.MainActivity, appPackage: com.et, autoGrantPermissions: true, automationName: UiAutomator2, deviceName: emulator-5554, newCommandTimeout: 1200, platformName: ANDROID, platformVersion: 11, resetKeyboard: true, unicodeKeyboard: true}}]
Capabilities {}" type="org.openqa.selenium.SessionNotCreatedException">
      <![CDATA[org.openqa.selenium.SessionNotCreatedException: Could not start a new session. Response code 500. Message: An unknown server-side error occurred while processing the command. Original error: Unable to find an active device or emulator with OS 11. The following are available: emulator-5554 (12)
Build info: version: '4.4.0', revision: 'e5c75ed026a'
System info: host: 'Nilesh-Rajendra-Behares-MacBook-Pro.local', ip: '192.168.1.121', os.name: 'Mac OS X', os.arch: 'x86_64', os.version: '12.4', java.version: '17.0.3'
Driver info: io.appium.java_client.android.AndroidDriver
Command: [null, newSession {capabilities=[{appium:UDID=, appium:app=/Users/nileshrajendrabehare/Downloads/expense-tracker.apk, appium:appActivity=com.et.MainActivity, appium:appPackage=com.et, appium:autoGrantPermissions=true, appium:automationName=UiAutomator2, appium:deviceName=emulator-5554, appium:newCommandTimeout=1200, platformName=ANDROID, appium:platformVersion=11, appium:resetKeyboard=true, appium:unicodeKeyboard=true}], desiredCapabilities=Capabilities {UDID: , app: /Users/nileshrajendrabehare..., appActivity: com.et.MainActivity, appPackage: com.et, autoGrantPermissions: true, automationName: UiAutomator2, deviceName: emulator-5554, newCommandTimeout: 1200, platformName: ANDROID, platformVersion: 11, resetKeyboard: true, unicodeKeyboard: true}}]
Capabilities {}
at org.openqa.selenium.remote.ProtocolHandshake.createSession(ProtocolHandshake.java:144)
at java.base/jdk.internal.reflect.NativeMethodAccessorImpl.invoke0(Native Method)
at java.base/jdk.internal.reflect.NativeMethodAccessorImpl.invoke(NativeMethodAccessorImpl.java:77)
at java.base/jdk.internal.reflect.DelegatingMethodAccessorImpl.invoke(DelegatingMethodAccessorImpl.java:43)
at java.base/java.lang.reflect.Method.invoke(Method.java:568)
at io.appium.java_client.remote.AppiumProtocolHandshake.createSession(AppiumProtocolHandshake.java:126)
at io.appium.java_client.remote.AppiumProtocolHandshake.createSession(AppiumProtocolHandshake.java:102)
at io.appium.java_client.remote.AppiumCommandExecutor.createSession(AppiumCommandExecutor.java:146)
at io.appium.java_client.remote.AppiumCommandExecutor.execute(AppiumCommandExecutor.java:180)
at org.openqa.selenium.remote.RemoteWebDriver.execute(RemoteWebDriver.java:547)
at io.appium.java_client.AppiumDriver.startSession(AppiumDriver.java:224)
at org.openqa.selenium.remote.RemoteWebDriver.<init>(RemoteWebDriver.java:157)
at io.appium.java_client.AppiumDriver.<init>(AppiumDriver.java:79)
at io.appium.java_client.AppiumDriver.<init>(AppiumDriver.java:87)
at io.appium.java_client.android.AndroidDriver.<init>(AndroidDriver.java:116)
at expense_tracker_core.BaseSetup.setUp(BaseSetup.java:39)
at java.base/jdk.internal.reflect.NativeMethodAccessorImpl.invoke0(Native Method)
at java.base/jdk.internal.reflect.NativeMethodAccessorImpl.invoke(NativeMethodAccessorImpl.java:77)
at java.base/jdk.internal.reflect.DelegatingMethodAccessorImpl.invoke(DelegatingMethodAccessorImpl.java:43)
at java.base/java.lang.reflect.Method.invoke(Method.java:568)
at org.testng.internal.invokers.MethodInvocationHelper.invokeMethod(MethodInvocationHelper.java:139)
at org.testng.internal.invokers.MethodInvocationHelper.invokeMethodConsideringTimeout(MethodInvocationHelper.java:69)
at org.testng.internal.invokers.ConfigInvoker.invokeConfigurationMethod(ConfigInvoker.java:361)
at org.testng.internal.invokers.ConfigInvoker.invokeConfigurations(ConfigInvoker.java:296)
at org.testng.TestRunner.invokeTestConfigurations(TestRunner.java:643)
at org.testng.TestRunner.beforeRun(TestRunner.java:632)
at org.testng.TestRunner.run(TestRunner.java:594)
at org.testng.SuiteRunner.runTest(SuiteRunner.java:433)
at org.testng.SuiteRunner.runSequentially(SuiteRunner.java:427)
at org.testng.SuiteRunner.privateRun(SuiteRunner.java:387)
at org.testng.SuiteRunner.run(SuiteRunner.java:330)
at org.testng.SuiteRunnerWorker.runSuite(SuiteRunnerWorker.java:52)
at org.testng.SuiteRunnerWorker.run(SuiteRunnerWorker.java:95)
at org.testng.TestNG.runSuitesSequentially(TestNG.java:1256)
at org.testng.TestNG.runSuitesLocally(TestNG.java:1176)
at org.testng.TestNG.runSuites(TestNG.java:1099)
at org.testng.TestNG.run(TestNG.java:1067)
at org.testng.remote.AbstractRemoteTestNG.run(AbstractRemoteTestNG.java:115)
at org.testng.remote.RemoteTestNG.initAndRun(RemoteTestNG.java:251)
at org.testng.remote.RemoteTestNG.main(RemoteTestNG.java:77)
]]>
    </error>
  </testcase> <!-- setUp -->
  <system-out/>
  <testcase classname="expense_tracker_test.SignUp_Test" name="SignUp_Functionality" time="0.000">
    <skipped/>
  </testcase> <!-- SignUp_Functionality -->
  <system-out/>
  <testcase classname="expense_tracker_test.SignUp_Test" name="User_Credential" time="0.000">
    <skipped/>
  </testcase> <!-- User_Credential -->
  <system-out/>
</testsuite> <!-- expense_tracker_test.SignUp_Test -->
